[debug] [2022-09-07T15:50:35.610Z] ----------------------------------------------------------------------
[debug] [2022-09-07T15:50:35.612Z] Command:       D:\Software\node.exe C:\Users\hp\AppData\Roaming\npm\node_modules\firebase-tools\lib\bin\firebase.js init
[debug] [2022-09-07T15:50:35.612Z] CLI Version:   11.7.0
[debug] [2022-09-07T15:50:35.612Z] Platform:      win32
[debug] [2022-09-07T15:50:35.612Z] Node Version:  v16.13.1
[debug] [2022-09-07T15:50:35.728Z] Time:          Wed Sep 07 2022 21:50:35 GMT+0600 (Bangladesh Standard Time)
[debug] [2022-09-07T15:50:35.729Z] ----------------------------------------------------------------------
[debug] 
[debug] [2022-09-07T15:50:35.817Z] > command requires scopes: ["email","openid","https://www.googleapis.com/auth/cloudplatformprojects.readonly","https://www.googleapis.com/auth/firebase","https://www.googleapis.com/auth/cloud-platform"]
[debug] [2022-09-07T15:50:35.818Z] > authorizing via signed-in user (ashik76690@gmail.com)
[info] 
     ######## #### ########  ######## ########     ###     ######  ########
     ##        ##  ##     ## ##       ##     ##  ##   ##  ##       ##
     ######    ##  ########  ######   ########  #########  ######  ######
     ##        ##  ##    ##  ##       ##     ## ##     ##       ## ##
     ##       #### ##     ## ######## ########  ##     ##  ######  ########

You're about to initialize a Firebase project in this directory:

  E:\Full git projects\jez-salad\jez-salad-client

Before we get started, keep in mind:

  * You are initializing within an existing Firebase project directory

